DEPRECATION WARNING: config.action_view.debug_rjs will be removed in 3.1, from 3.1 onwards you will need to install prototype-rails to continue to use RJS templates . (called from <top (required)> at /home/student/rails_projects/sample_app/config/environment.rb:5)
DEPRECATION WARNING: config.action_view.debug_rjs will be removed in 3.1, from 3.1 onwards you will need to install prototype-rails to continue to use RJS templates . (called from <top (required)> at /home/student/rails_projects/sample_app/config/environment.rb:5)
DEPRECATION WARNING: config.action_view.debug_rjs will be removed in 3.1, from 3.1 onwards you will need to install prototype-rails to continue to use RJS templates . (called from <top (required)> at /home/student/rails_projects/sample_app/config/environment.rb:5)
DEPRECATION WARNING: config.action_view.debug_rjs will be removed in 3.1, from 3.1 onwards you will need to install prototype-rails to continue to use RJS templates . (called from <top (required)> at /home/student/rails_projects/sample_app/config/environment.rb:5)


Started GET "/pages" for 127.0.0.1 at 2012-01-03 19:39:10 +0300

ActionController::RoutingError (No route matches "/pages"):
  

Rendered /home/student/.rvm/gems/ruby-1.9.2-p290@rails3tutorial/gems/actionpack-3.0.9/lib/action_dispatch/middleware/templates/rescues/routing_error.erb within rescues/layout (2.8ms)


Started GET "/pages/home" for 127.0.0.1 at 2012-01-03 19:39:21 +0300
  Processing by PagesController#home as HTML
Rendered pages/home.html.erb within layouts/application (13.4ms)
Completed 200 OK in 23ms (Views: 21.9ms | ActiveRecord: 0.0ms)


Started GET "/pages" for 127.0.0.1 at 2012-01-03 19:39:52 +0300

ActionController::RoutingError (No route matches "/pages"):
  

Rendered /home/student/.rvm/gems/ruby-1.9.2-p290@rails3tutorial/gems/actionpack-3.0.9/lib/action_dispatch/middleware/templates/rescues/routing_error.erb within rescues/layout (9.1ms)


Started GET "/pages" for 127.0.0.1 at 2012-01-03 19:40:09 +0300

ActionController::RoutingError (No route matches "/pages"):
  

Rendered /home/student/.rvm/gems/ruby-1.9.2-p290@rails3tutorial/gems/actionpack-3.0.9/lib/action_dispatch/middleware/templates/rescues/routing_error.erb within rescues/layout (11.1ms)


Started GET "/pages/home" for 127.0.0.1 at 2012-01-03 19:40:16 +0300
  Processing by PagesController#home as HTML
Rendered pages/home.html.erb within layouts/application (3.6ms)
Completed 200 OK in 14ms (Views: 12.7ms | ActiveRecord: 0.0ms)
DEPRECATION WARNING: config.action_view.debug_rjs will be removed in 3.1, from 3.1 onwards you will need to install prototype-rails to continue to use RJS templates . (called from <top (required)> at /home/student/rails_projects/sample_app/config/environment.rb:5)
  [1m[36mSQL (1.6ms)[0m  [1m SELECT name
 FROM sqlite_master
 WHERE type = 'table' AND NOT name = 'sqlite_sequence'
[0m
  [1m[35mSQL (0.2ms)[0m  select sqlite_version(*)
  [1m[36mSQL (161.6ms)[0m  [1mCREATE TABLE "schema_migrations" ("version" varchar(255) NOT NULL) [0m
  [1m[35mSQL (0.1ms)[0m  PRAGMA index_list("schema_migrations")
  [1m[36mSQL (108.9ms)[0m  [1mCREATE UNIQUE INDEX "unique_schema_migrations" ON "schema_migrations" ("version")[0m
  [1m[35mSQL (0.3ms)[0m   SELECT name
 FROM sqlite_master
 WHERE type = 'table' AND NOT name = 'sqlite_sequence'
  [1m[36mSQL (0.5ms)[0m  [1m SELECT name
 FROM sqlite_master
 WHERE type = 'table' AND NOT name = 'sqlite_sequence'
[0m
  [1m[35mSQL (0.4ms)[0m   SELECT name
 FROM sqlite_master
 WHERE type = 'table' AND NOT name = 'sqlite_sequence'
  [1m[36mSQL (0.3ms)[0m  [1mSELECT "schema_migrations"."version" FROM "schema_migrations"[0m
  [1m[35mSQL (0.4ms)[0m   SELECT name
 FROM sqlite_master
 WHERE type = 'table' AND NOT name = 'sqlite_sequence'
DEPRECATION WARNING: config.action_view.debug_rjs will be removed in 3.1, from 3.1 onwards you will need to install prototype-rails to continue to use RJS templates . (called from <top (required)> at /home/student/rails_projects/sample_app/config/environment.rb:5)


Started GET "/pages/about" for 127.0.0.1 at 2012-01-03 21:49:14 +0300
  Processing by PagesController#about as HTML
Rendered pages/about.html.erb within layouts/application (4.1ms)
Completed 200 OK in 14ms (Views: 13.4ms | ActiveRecord: 0.0ms)
DEPRECATION WARNING: config.action_view.debug_rjs will be removed in 3.1, from 3.1 onwards you will need to install prototype-rails to continue to use RJS templates . (called from <top (required)> at /home/student/rails_projects/sample_app/config/environment.rb:5)


Started GET "/pages/about" for 127.0.0.1 at 2012-01-03 22:51:56 +0300
  Processing by PagesController#about as HTML
Rendered pages/about.html.erb (1.2ms)
Completed 200 OK in 11ms (Views: 10.1ms | ActiveRecord: 0.0ms)


Started GET "/pages/home" for 127.0.0.1 at 2012-01-03 22:52:12 +0300
  Processing by PagesController#home as HTML
Rendered pages/home.html.erb (0.8ms)
Completed 200 OK in 14ms (Views: 9.0ms | ActiveRecord: 0.0ms)


Started GET "/pages/contact" for 127.0.0.1 at 2012-01-03 22:52:23 +0300
  Processing by PagesController#contact as HTML
Rendered pages/contact.html.erb (1.4ms)
Completed 200 OK in 11ms (Views: 9.6ms | ActiveRecord: 0.0ms)
DEPRECATION WARNING: config.action_view.debug_rjs will be removed in 3.1, from 3.1 onwards you will need to install prototype-rails to continue to use RJS templates . (called from <top (required)> at /home/student/rails_projects/sample_app/config/environment.rb:5)


Started GET "/pages/contact" for 127.0.0.1 at 2012-01-03 23:36:10 +0300
  Processing by PagesController#contact as HTML
Rendered pages/contact.html.erb (1.0ms)
Completed 200 OK in 10ms (Views: 9.5ms | ActiveRecord: 0.0ms)


Started GET "/pages/home" for 127.0.0.1 at 2012-01-03 23:36:23 +0300
  Processing by PagesController#home as HTML
Rendered pages/home.html.erb (0.8ms)
Completed 200 OK in 11ms (Views: 10.6ms | ActiveRecord: 0.0ms)


Started GET "/pages/about" for 127.0.0.1 at 2012-01-03 23:36:45 +0300
  Processing by PagesController#about as HTML
Rendered pages/about.html.erb (0.8ms)
Completed 200 OK in 12ms (Views: 10.8ms | ActiveRecord: 0.0ms)


Started GET "/pages/about" for 127.0.0.1 at 2012-01-03 23:37:37 +0300
  Processing by PagesController#about as HTML
Rendered pages/about.html.erb (1.0ms)
Completed 200 OK in 16ms (Views: 15.1ms | ActiveRecord: 0.0ms)


Started GET "/pages/home" for 127.0.0.1 at 2012-01-03 23:37:46 +0300
  Processing by PagesController#home as HTML
Rendered pages/home.html.erb (1.0ms)
Completed 200 OK in 10ms (Views: 9.2ms | ActiveRecord: 0.0ms)
DEPRECATION WARNING: config.action_view.debug_rjs will be removed in 3.1, from 3.1 onwards you will need to install prototype-rails to continue to use RJS templates . (called from <top (required)> at /home/student/rails_projects/sample_app/config/environment.rb:5)


Started GET "/pages/home" for 127.0.0.1 at 2012-01-03 23:43:39 +0300
  Processing by PagesController#home as HTML
Rendered pages/home.html.erb within layouts/application (1.7ms)
Completed 200 OK in 13ms (Views: 11.7ms | ActiveRecord: 0.0ms)


Started GET "/pages/about" for 127.0.0.1 at 2012-01-03 23:43:49 +0300
  Processing by PagesController#about as HTML
Rendered pages/about.html.erb within layouts/application (2.1ms)
Completed 200 OK in 15ms (Views: 14.1ms | ActiveRecord: 0.0ms)


Started GET "/pages/contact" for 127.0.0.1 at 2012-01-03 23:44:01 +0300
  Processing by PagesController#contact as HTML
Rendered pages/contact.html.erb within layouts/application (1.6ms)
Completed 200 OK in 14ms (Views: 12.6ms | ActiveRecord: 0.0ms)
DEPRECATION WARNING: config.action_view.debug_rjs will be removed in 3.1, from 3.1 onwards you will need to install prototype-rails to continue to use RJS templates . (called from <top (required)> at /home/student/rails_projects/sample_app/config/environment.rb:5)


Started GET "/pages/home" for 127.0.0.1 at 2012-01-04 00:36:47 +0300
  Processing by PagesController#home as HTML
Rendered pages/home.html.erb within layouts/application (1.9ms)
Completed 200 OK in 12ms (Views: 11.6ms | ActiveRecord: 0.0ms)


Started GET "/pages/contact" for 127.0.0.1 at 2012-01-04 00:37:13 +0300
  Processing by PagesController#contact as HTML
Rendered pages/contact.html.erb within layouts/application (1.9ms)
Completed 200 OK in 68ms (Views: 18.8ms | ActiveRecord: 0.0ms)
DEPRECATION WARNING: config.action_view.debug_rjs will be removed in 3.1, from 3.1 onwards you will need to install prototype-rails to continue to use RJS templates . (called from <top (required)> at /home/student/rails_projects/project/config/environment.rb:5)


Started GET "/pages/home" for 127.0.0.1 at 2012-01-04 12:32:41 +0300
  Processing by PagesController#home as HTML
Rendered pages/home.html.erb within layouts/application (2.5ms)
Completed 200 OK in 29ms (Views: 27.9ms | ActiveRecord: 0.0ms)


Started GET "/pages/contact" for 127.0.0.1 at 2012-01-04 12:32:54 +0300
  Processing by PagesController#contact as HTML
Rendered pages/contact.html.erb within layouts/application (3.4ms)
Completed 200 OK in 42ms (Views: 40.8ms | ActiveRecord: 0.0ms)
DEPRECATION WARNING: config.action_view.debug_rjs will be removed in 3.1, from 3.1 onwards you will need to install prototype-rails to continue to use RJS templates . (called from <top (required)> at /home/student/rails_projects/project/config/environment.rb:5)
  [1m[36mSQL (3.0ms)[0m  [1m SELECT name
 FROM sqlite_master
 WHERE type = 'table' AND NOT name = 'sqlite_sequence'
[0m
  [1m[35mSQL (5.4ms)[0m  select sqlite_version(*)
  [1m[36mSQL (0.4ms)[0m  [1m SELECT name
 FROM sqlite_master
 WHERE type = 'table' AND NOT name = 'sqlite_sequence'
[0m
  [1m[35mSQL (0.5ms)[0m   SELECT name
 FROM sqlite_master
 WHERE type = 'table' AND NOT name = 'sqlite_sequence'
  [1m[36mSQL (0.3ms)[0m  [1mSELECT "schema_migrations"."version" FROM "schema_migrations"[0m
  [1m[35mSQL (0.6ms)[0m   SELECT name
 FROM sqlite_master
 WHERE type = 'table' AND NOT name = 'sqlite_sequence'
DEPRECATION WARNING: config.action_view.debug_rjs will be removed in 3.1, from 3.1 onwards you will need to install prototype-rails to continue to use RJS templates . (called from <top (required)> at /home/student/rails_projects/project/config/environment.rb:5)
  [1m[36mSQL (2.0ms)[0m  [1m SELECT name
 FROM sqlite_master
 WHERE type = 'table' AND NOT name = 'sqlite_sequence'
[0m
  [1m[35mSQL (0.3ms)[0m  select sqlite_version(*)
  [1m[36mSQL (0.7ms)[0m  [1m SELECT name
 FROM sqlite_master
 WHERE type = 'table' AND NOT name = 'sqlite_sequence'
[0m
  [1m[35mSQL (0.4ms)[0m   SELECT name
 FROM sqlite_master
 WHERE type = 'table' AND NOT name = 'sqlite_sequence'
  [1m[36mSQL (0.4ms)[0m  [1mSELECT "schema_migrations"."version" FROM "schema_migrations"[0m
  [1m[35mSQL (0.3ms)[0m   SELECT name
 FROM sqlite_master
 WHERE type = 'table' AND NOT name = 'sqlite_sequence'
DEPRECATION WARNING: config.action_view.debug_rjs will be removed in 3.1, from 3.1 onwards you will need to install prototype-rails to continue to use RJS templates . (called from <top (required)> at /home/student/rails_projects/project/config/environment.rb:5)
DEPRECATION WARNING: config.action_view.debug_rjs will be removed in 3.1, from 3.1 onwards you will need to install prototype-rails to continue to use RJS templates . (called from <top (required)> at /home/student/rails_projects/1/config/environment.rb:5)


Started GET "/pages/home" for 127.0.0.1 at 2012-01-04 15:42:47 +0300
  Processing by PagesController#home as HTML
Rendered pages/home.html.erb within layouts/application (1.9ms)
Completed 200 OK in 11ms (Views: 10.6ms | ActiveRecord: 0.0ms)
DEPRECATION WARNING: config.action_view.debug_rjs will be removed in 3.1, from 3.1 onwards you will need to install prototype-rails to continue to use RJS templates . (called from <top (required)> at /home/student/rails_projects/project/config/environment.rb:5)


Started GET "/pages/home" for 127.0.0.1 at 2012-01-04 15:57:54 +0300
  Processing by PagesController#home as HTML
Rendered pages/home.html.erb within layouts/application (6.4ms)
Completed 200 OK in 18ms (Views: 16.5ms | ActiveRecord: 0.0ms)
DEPRECATION WARNING: config.action_view.debug_rjs will be removed in 3.1, from 3.1 onwards you will need to install prototype-rails to continue to use RJS templates . (called from <top (required)> at /home/student/rails_projects/project/config/environment.rb:5)


Started GET "/pages/home" for 127.0.0.1 at 2012-01-04 16:04:07 +0300
  Processing by PagesController#home as HTML
Rendered pages/home.html.erb within layouts/application (7.0ms)
Completed 200 OK in 19ms (Views: 18.1ms | ActiveRecord: 0.0ms)


Started GET "/pages/help" for 127.0.0.1 at 2012-01-04 16:04:15 +0300
  Processing by PagesController#help as HTML
Rendered pages/help.html.erb within layouts/application (2.6ms)
Completed 200 OK in 15ms (Views: 12.7ms | ActiveRecord: 0.0ms)
